2026-03-01 10:39:15 info: Server is running on port 3000
2026-03-01 10:39:28 info: User logged in successfully
2026-03-01 10:40:14 info: User logged in successfully
2026-03-01 10:41:34 info: User logged in successfully
2026-03-01 10:41:55 info: User logged in successfully
2026-03-01 10:44:29 info: User logged in successfully
2026-03-01 10:47:00 info: User logged in successfully
2026-03-01 10:48:30 info: Server is running on port 3000
2026-03-01 10:48:38 info: Server is running on port 3000
2026-03-01 10:48:55 info: User logged in successfully
2026-03-01 11:55:52 info: Server is running on port 3000
2026-03-01 11:56:09 info: User logged in successfully
2026-03-01 11:57:42 info: Server is running on port 3000
2026-03-01 15:29:53 info: Server is running on port 3000
2026-03-01 15:30:14 warn: Registration failed: User already exists
2026-03-01 15:30:23 info: User registered successfully
2026-03-01 15:31:05 info: Server is running on port 3000
2026-03-01 15:31:18 info: Server is running on port 3000
2026-03-01 15:34:06 info: User logged in successfully
2026-03-01 15:36:53 info: Server is running on port 3000
2026-03-01 15:38:55 info: User logged in successfully
2026-03-01 15:39:19 info: Server is running on port 3000
2026-03-01 15:39:51 info: Server is running on port 3000
2026-03-01 15:39:55 info: Server is running on port 3000
2026-03-01 15:40:06 info: User logged in successfully
2026-03-01 15:40:26 info: Server is running on port 3000
2026-03-01 15:42:22 info: Server is running on port 3000
2026-03-01 15:42:57 info: Server is running on port 3000
2026-03-01 15:43:02 info: Server is running on port 3000
2026-03-01 15:43:08 info: Server is running on port 3000
2026-03-01 15:43:14 info: User logged in successfully
2026-03-01 15:43:44 info: Server is running on port 3000
2026-03-01 15:43:57 info: User logged in successfully
2026-03-01 15:44:30 info: Server is running on port 3000
2026-03-01 15:44:36 info: Server is running on port 3000
2026-03-01 15:44:49 info: Server is running on port 3000
2026-03-01 15:44:58 info: Server is running on port 3000
2026-03-01 15:45:08 info: Server is running on port 3000
2026-03-01 15:45:16 info: User logged in successfully
2026-03-01 15:45:24 info: User logged out successfully
2026-03-01 15:45:33 info: User logged in successfully
2026-03-01 15:45:35 info: User logged out successfully
2026-03-01 15:46:51 info: User logged in successfully
2026-03-01 15:47:25 info: Server is running on port 3000
2026-03-01 15:59:09 info: Server is running on port 3000
2026-03-01 16:01:20 info: Server is running on port 3000
2026-03-01 16:02:05 info: User logged in successfully
2026-03-01 19:30:04 info: Server is running on port 3000
2026-03-01 19:35:16 info: Server is running on port 3000
2026-03-01 19:35:21 info: Server is running on port 3000
2026-03-01 19:35:27 info: Server is running on port 3000
2026-03-01 19:35:40 info: Server is running on port 3000
2026-03-01 19:36:55 info: Server is running on port 3000
2026-03-01 19:37:04 info: Server is running on port 3000
2026-03-01 19:37:15 info: Server is running on port 3000
2026-03-01 19:37:26 info: Server is running on port 3000
2026-03-01 19:37:42 info: Server is running on port 3000
2026-03-01 19:37:47 info: Server is running on port 3000
2026-03-01 19:38:04 info: Server is running on port 3000
2026-03-01 19:38:18 info: Server is running on port 3000
2026-03-01 19:38:35 info: Server is running on port 3000
2026-03-01 19:38:48 info: Server is running on port 3000
2026-03-01 19:41:36 info: Server is running on port 3000
2026-03-01 19:41:44 info: Server is running on port 3000
2026-03-01 19:41:53 info: Server is running on port 3000
2026-03-01 19:42:10 info: Server is running on port 3000
2026-03-01 19:42:23 info: Server is running on port 3000
2026-03-01 19:42:32 info: Server is running on port 3000
2026-03-01 19:42:36 info: Server is running on port 3000
2026-03-01 19:42:46 info: Server is running on port 3000
2026-03-01 19:42:52 info: Server is running on port 3000
2026-03-01 19:43:12 info: Server is running on port 3000
2026-03-01 19:43:17 info: Server is running on port 3000
2026-03-01 19:43:28 info: Server is running on port 3000
2026-03-01 19:43:35 info: Server is running on port 3000
2026-03-01 19:43:37 info: Server is running on port 3000
2026-03-01 19:43:43 info: Server is running on port 3000
2026-03-01 19:44:20 info: Server is running on port 3000
2026-03-01 19:44:44 info: Server is running on port 3000
2026-03-01 19:44:49 info: Server is running on port 3000
2026-03-01 19:45:14 info: Server is running on port 3000
2026-03-01 20:01:35 info: Server is running on port 3000
2026-03-01 20:01:41 info: Server is running on port 3000
2026-03-01 20:01:53 info: Server is running on port 3000
2026-03-01 20:01:57 info: Server is running on port 3000
2026-03-01 20:02:13 info: Server is running on port 3000
2026-03-01 20:02:36 info: Server is running on port 3000
2026-03-01 20:02:43 info: Server is running on port 3000
2026-03-01 20:03:15 info: Server is running on port 3000
2026-03-01 20:03:32 info: Server is running on port 3000
2026-03-01 20:06:41 info: Server is running on port 3000
2026-03-01 20:06:59 info: Server is running on port 3000
2026-03-01 20:07:10 info: Server is running on port 3000
2026-03-01 20:07:13 info: Server is running on port 3000
2026-03-01 20:07:15 info: Server is running on port 3000
2026-03-01 20:07:20 info: Server is running on port 3000
2026-03-01 20:07:24 info: Server is running on port 3000
2026-03-01 20:19:35 info: Server is running on port 3000
2026-03-01 20:20:09 info: Server is running on port 3000
2026-03-01 20:20:30 info: Server is running on port 3000
2026-03-01 20:27:30 info: User logged in successfully
2026-03-01 20:27:36 error: UNCAUGHT EXCEPTION! 💥 Shutting down...
2026-03-01 20:27:57 info: Server is running on port 3000
2026-03-01 20:28:07 error: UNCAUGHT EXCEPTION! 💥 Shutting down...
2026-03-01 20:29:01 info: Server is running on port 3000
2026-03-01 20:29:13 info: File uploaded successfully
2026-03-01 20:31:01 info: Server is running on port 3000
2026-03-01 20:31:05 info: Server is running on port 3000
2026-03-01 20:31:27 info: Server is running on port 3000
2026-03-01 20:31:32 info: Server is running on port 3000
2026-03-01 20:31:48 info: Server is running on port 3000
2026-03-01 20:31:50 info: Server is running on port 3000
2026-03-01 20:31:53 info: Server is running on port 3000
2026-03-01 20:31:58 info: Server is running on port 3000
2026-03-01 20:32:06 info: Server is running on port 3000
2026-03-01 20:32:21 info: Server is running on port 3000
2026-03-01 20:32:25 info: Server is running on port 3000
2026-03-01 20:32:30 info: Server is running on port 3000
2026-03-01 20:32:34 info: Server is running on port 3000
2026-03-01 20:32:43 info: Server is running on port 3000
2026-03-01 20:32:46 info: Server is running on port 3000
2026-03-01 20:32:54 info: Server is running on port 3000
2026-03-01 20:33:05 info: Server is running on port 3000
2026-03-01 20:34:32 info: Server is running on port 3000
2026-03-01 20:37:28 info: Server is running on port 3000
2026-03-01 20:37:43 info: File uploaded successfully
2026-03-01 20:37:48 info: Generated shareable link
2026-03-01 20:41:51 info: Server is running on port 3000
2026-03-01 20:42:24 info: Server is running on port 3000
2026-03-01 20:44:47 info: User logged in successfully
2026-03-01 20:45:37 info: File uploaded successfully
2026-03-01 20:45:43 info: Generated shareable link
2026-03-01 20:52:57 info: Server is running on port 3000
2026-03-01 20:53:10 info: File uploaded successfully
2026-03-01 20:53:14 info: Generated shareable link
2026-03-01 20:58:45 info: Server is running on port 3000
2026-03-01 20:59:15 info: Server is running on port 3000
2026-03-01 21:02:07 info: Server is running on port 3000
2026-03-01 21:03:41 info: User logged in successfully
2026-03-01 21:03:48 info: Generated shareable link
2026-03-01 21:05:21 info: File uploaded successfully
2026-03-01 21:05:28 info: Generated shareable link
2026-03-01 21:08:21 info: Generated shareable link
2026-03-01 21:58:45 info: Server is running on port 3000
2026-03-01 21:59:06 info: User logged in successfully
2026-03-01 22:00:00 info: File uploaded successfully
2026-03-01 22:00:06 info: Generated shareable link
2026-03-01 22:02:14 info: Generated shareable link
2026-03-01 22:06:53 info: Server is running on port 3000
2026-03-01 22:07:17 info: Server is running on port 3000
2026-03-01 22:09:09 info: Server is running on port 3000
2026-03-01 22:09:35 info: Generated shareable link
2026-03-01 22:14:30 info: Server is running on port 3000
2026-03-01 22:15:29 info: Server is running on port 3000
2026-03-01 22:16:26 info: Server is running on port 3000
2026-03-01 22:16:36 info: User logged in successfully
2026-03-01 22:16:43 info: Generated shareable link
2026-03-01 22:16:50 error: Error fetching file from Cloudinary
2026-03-01 22:18:01 info: File uploaded successfully
2026-03-01 22:18:08 info: Generated shareable link
2026-03-01 22:18:26 error: Error fetching file from Cloudinary
2026-03-01 22:25:27 info: Server is running on port 3000
2026-03-01 22:25:57 info: Server is running on port 3000
2026-03-01 22:27:01 info: Server is running on port 3000
2026-03-01 22:28:10 info: Server is running on port 3000
2026-03-01 22:28:58 info: Server is running on port 3000
2026-03-01 22:29:52 info: Server is running on port 3000
2026-03-01 22:31:22 info: Server is running on port 3000
2026-03-01 22:33:20 info: User logged in successfully
2026-03-01 22:33:25 info: Generated shareable link
2026-03-01 22:33:35 error: Error fetching file from Cloudinary
2026-03-01 22:33:51 info: File uploaded successfully
2026-03-01 22:33:55 info: Generated shareable link
2026-03-01 22:36:27 info: Server is running on port 3000
2026-03-01 22:45:18 info: Server is running on port 3000
2026-03-01 22:52:15 info: Server is running on port 3000
2026-03-01 22:53:40 info: User logged in successfully
2026-03-01 22:54:09 info: File uploaded successfully
2026-03-01 22:54:22 info: Generated shareable link
2026-03-01 22:54:34 error: Error fetching file from Cloudinary
2026-03-01 22:56:44 error: Error fetching file from Cloudinary
2026-03-01 23:02:00 info: Server is running on port 3000
2026-03-01 23:04:20 info: File uploaded successfully
2026-03-01 23:04:52 info: Server is running on port 3000
2026-03-01 23:05:27 info: Server is running on port 3000
2026-03-01 23:05:35 info: Server is running on port 3000
2026-03-01 23:05:49 info: Server is running on port 3000
2026-03-01 23:06:17 info: File uploaded successfully
2026-03-01 23:06:26 info: Generated shareable link
2026-03-01 23:06:34 error: Error fetching file from Cloudinary
2026-03-01 23:10:00 info: Server is running on port 3000
2026-03-01 23:10:04 info: User logged in successfully
2026-03-01 23:10:17 info: File uploaded successfully
2026-03-01 23:17:11 info: File uploaded successfully
2026-03-01 23:17:14 info: Generated shareable link
2026-03-01 23:19:33 info: File uploaded successfully
2026-03-01 23:20:30 info: Generated shareable link
2026-03-01 23:22:30 info: Server is running on port 3000
2026-03-01 23:22:58 info: File uploaded successfully
2026-03-01 23:23:03 info: Generated shareable link
2026-03-01 23:25:13 info: Server is running on port 3000
2026-03-01 23:25:28 info: Server is running on port 3000
